加载了 36 个标注项
找到 36 个图片文件

文件对应关系:
  ID 1: fakeshow/60-1.jpg
  ID 2: fakeshow/60-2.jpg
  ID 3: fakeshow/60-3.jpg
  ID 4: fakeshow/60-4.jpg
  ID 5: fakeshow/60-5.jpg
已处理: fakeshow/60-1.jpg -> annotated_results/annotated_001_60-1.png
  检测到 3 个标注框
已处理: fakeshow/60-2.jpg -> annotated_results/annotated_002_60-2.png
  检测到 3 个标注框
已处理: fakeshow/60-3.jpg -> annotated_results/annotated_003_60-3.png
  检测到 3 个标注框
已处理: fakeshow/60-4.jpg -> annotated_results/annotated_004_60-4.png
  检测到 3 个标注框
已处理: fakeshow/60-5.jpg -> annotated_results/annotated_005_60-5.png
  检测到 3 个标注框
已处理: fakeshow/60-6.jpg -> annotated_results/annotated_006_60-6.png
  检测到 3 个标注框
已处理: fakeshow/60-7.jpg -> annotated_results/annotated_007_60-7.png
  检测到 7 个标注框
已处理: fakeshow/60-8.jpg -> annotated_results/annotated_008_60-8.png
  检测到 7 个标注框
已处理: fakeshow/60-9.jpg -> annotated_results/annotated_009_60-9.png
  检测到 7 个标注框
已处理: fakeshow/60-10.jpg -> annotated_results/annotated_010_60-10.png
  检测到 7 个标注框
已处理: fakeshow/60-11.jpg -> annotated_results/annotated_011_60-11.png
  检测到 7 个标注框
已处理: fakeshow/60-12.jpg -> annotated_results/annotated_012_60-12.png
  检测到 7 个标注框
已处理: fakeshow/70-1.jpg -> annotated_results/annotated_013_70-1.png
  检测到 2 个标注框
已处理: fakeshow/70-2.jpg -> annotated_results/annotated_014_70-2.png
  检测到 2 个标注框
已处理: fakeshow/70-3.jpg -> annotated_results/annotated_015_70-3.png
  检测到 2 个标注框
已处理: fakeshow/70-4.jpg -> annotated_results/annotated_016_70-4.png
  检测到 2 个标注框
已处理: fakeshow/70-5.jpg -> annotated_results/annotated_017_70-5.png
  检测到 2 个标注框
已处理: fakeshow/70-6.jpg -> annotated_results/annotated_018_70-6.png
  检测到 2 个标注框
已处理: fakeshow/70-7.jpg -> annotated_results/annotated_019_70-7.png
  检测到 16 个标注框
已处理: fakeshow/70-8.jpg -> annotated_results/annotated_020_70-8.png
  检测到 15 个标注框
已处理: fakeshow/70-9.jpg -> annotated_results/annotated_021_70-9.png
  检测到 11 个标注框
已处理: fakeshow/70-10.jpg -> annotated_results/annotated_022_70-10.png
  检测到 11 个标注框
已处理: fakeshow/70-11.jpg -> annotated_results/annotated_023_70-11.png
  检测到 11 个标注框
已处理: fakeshow/70-12.jpg -> annotated_results/annotated_024_70-12.png
  检测到 11 个标注框
已处理: fakeshow/90-1.jpg -> annotated_results/annotated_025_90-1.png
  检测到 2 个标注框
已处理: fakeshow/90-2.jpg -> annotated_results/annotated_026_90-2.png
  检测到 2 个标注框
已处理: fakeshow/90-3.jpg -> annotated_results/annotated_027_90-3.png
  检测到 2 个标注框
已处理: fakeshow/90-4.jpg -> annotated_results/annotated_028_90-4.png
  检测到 2 个标注框
已处理: fakeshow/90-5.jpg -> annotated_results/annotated_029_90-5.png
  检测到 2 个标注框
已处理: fakeshow/90-6.jpg -> annotated_results/annotated_030_90-6.png
  检测到 2 个标注框
已处理: fakeshow/90-7.jpg -> annotated_results/annotated_031_90-7.png
  检测到 9 个标注框
已处理: fakeshow/90-8.jpg -> annotated_results/annotated_032_90-8.png
  检测到 9 个标注框
已处理: fakeshow/90-9.jpg -> annotated_results/annotated_033_90-9.png
  检测到 9 个标注框
已处理: fakeshow/90-10.jpg -> annotated_results/annotated_034_90-10.png
  检测到 9 个标注框
已处理: fakeshow/90-11.jpg -> annotated_results/annotated_035_90-11.png
  检测到 6 个标注框
已处理: fakeshow/90-12.jpg -> annotated_results/annotated_036_90-12.png
  检测到 6 个标注框
